Analysis & Synthesis report for lab4
Wed Sep 15 02:51:25 2021
Quartus Prime Version 18.1.0 Build 625 09/12/2018 SJ Lite Edition


---------------------
; Table of Contents ;
---------------------
  1. Legal Notice
  2. Analysis & Synthesis Summary
  3. Analysis & Synthesis Settings
  4. Parallel Compilation
  5. Analysis & Synthesis Source Files Read
  6. Analysis & Synthesis Resource Usage Summary
  7. Analysis & Synthesis Resource Utilization by Entity
  8. State Machine - |adder2|control:run_once|curr_state
  9. Registers Removed During Synthesis
 10. General Register Statistics
 11. Port Connectivity Checks: "ripple_adder:adder|fourbit_rp:rp3"
 12. Port Connectivity Checks: "ripple_adder:adder|fourbit_rp:rp2"
 13. Port Connectivity Checks: "ripple_adder:adder|fourbit_rp:rp1|full_adder:f1"
 14. Port Connectivity Checks: "ripple_adder:adder|fourbit_rp:rp1"
 15. Port Connectivity Checks: "ripple_adder:adder"
 16. Port Connectivity Checks: "router:route"
 17. Post-Synthesis Netlist Statistics for Top Partition
 18. Elapsed Time Per Partition
 19. Analysis & Synthesis Messages
 20. Analysis & Synthesis Suppressed Messages



----------------
; Legal Notice ;
----------------
Copyright (C) 2018  Intel Corporation. All rights reserved.
Your use of Intel Corporation's design tools, logic functions 
and other software and tools, and its AMPP partner logic 
functions, and any output files from any of the foregoing 
(including device programming or simulation files), and any 
associated documentation or information are expressly subject 
to the terms and conditions of the Intel Program License 
Subscription Agreement, the Intel Quartus Prime License Agreement,
the Intel FPGA IP License Agreement, or other applicable license
agreement, including, without limitation, that your use is for
the sole purpose of programming logic devices manufactured by
Intel and sold by Intel or its authorized distributors.  Please
refer to the applicable agreement for further details.



+----------------------------------------------------------------------------------+
; Analysis & Synthesis Summary                                                     ;
+------------------------------------+---------------------------------------------+
; Analysis & Synthesis Status        ; Successful - Wed Sep 15 02:51:24 2021       ;
; Quartus Prime Version              ; 18.1.0 Build 625 09/12/2018 SJ Lite Edition ;
; Revision Name                      ; lab4                                        ;
; Top-level Entity Name              ; adder2                                      ;
; Family                             ; MAX 10                                      ;
; Total logic elements               ; 52                                          ;
;     Total combinational functions  ; 52                                          ;
;     Dedicated logic registers      ; 15                                          ;
; Total registers                    ; 15                                          ;
; Total pins                         ; 65                                          ;
; Total virtual pins                 ; 0                                           ;
; Total memory bits                  ; 0                                           ;
; Embedded Multiplier 9-bit elements ; 0                                           ;
; Total PLLs                         ; 0                                           ;
; UFM blocks                         ; 0                                           ;
; ADC blocks                         ; 0                                           ;
+------------------------------------+---------------------------------------------+


+------------------------------------------------------------------------------------------------------------+
; Analysis & Synthesis Settings                                                                              ;
+------------------------------------------------------------------+--------------------+--------------------+
; Option                                                           ; Setting            ; Default Value      ;
+------------------------------------------------------------------+--------------------+--------------------+
; Device                                                           ; 10M50DCF484C7G     ;                    ;
; Top-level entity name                                            ; adder2             ; lab4               ;
; Family name                                                      ; MAX 10             ; Cyclone V          ;
; Use smart compilation                                            ; Off                ; Off                ;
; Enable parallel Assembler and Timing Analyzer during compilation ; On                 ; On                 ;
; Enable compact report table                                      ; Off                ; Off                ;
; Restructure Multiplexers                                         ; Auto               ; Auto               ;
; Create Debugging Nodes for IP Cores                              ; Off                ; Off                ;
; Preserve fewer node names                                        ; On                 ; On                 ;
; Intel FPGA IP Evaluation Mode                                    ; Enable             ; Enable             ;
; Verilog Version                                                  ; Verilog_2001       ; Verilog_2001       ;
; VHDL Version                                                     ; VHDL_1993          ; VHDL_1993          ;
; State Machine Processing                                         ; Auto               ; Auto               ;
; Safe State Machine                                               ; Off                ; Off                ;
; Extract Verilog State Machines                                   ; On                 ; On                 ;
; Extract VHDL State Machines                                      ; On                 ; On                 ;
; Ignore Verilog initial constructs                                ; Off                ; Off                ;
; Iteration limit for constant Verilog loops                       ; 5000               ; 5000               ;
; Iteration limit for non-constant Verilog loops                   ; 250                ; 250                ;
; Add Pass-Through Logic to Inferred RAMs                          ; On                 ; On                 ;
; Infer RAMs from Raw Logic                                        ; On                 ; On                 ;
; Parallel Synthesis                                               ; On                 ; On                 ;
; DSP Block Balancing                                              ; Auto               ; Auto               ;
; NOT Gate Push-Back                                               ; On                 ; On                 ;
; Power-Up Don't Care                                              ; On                 ; On                 ;
; Remove Redundant Logic Cells                                     ; Off                ; Off                ;
; Remove Duplicate Registers                                       ; On                 ; On                 ;
; Ignore CARRY Buffers                                             ; Off                ; Off                ;
; Ignore CASCADE Buffers                                           ; Off                ; Off                ;
; Ignore GLOBAL Buffers                                            ; Off                ; Off                ;
; Ignore ROW GLOBAL Buffers                                        ; Off                ; Off                ;
; Ignore LCELL Buffers                                             ; Off                ; Off                ;
; Ignore SOFT Buffers                                              ; On                 ; On                 ;
; Limit AHDL Integers to 32 Bits                                   ; Off                ; Off                ;
; Optimization Technique                                           ; Balanced           ; Balanced           ;
; Carry Chain Length                                               ; 70                 ; 70                 ;
; Auto Carry Chains                                                ; On                 ; On                 ;
; Auto Open-Drain Pins                                             ; On                 ; On                 ;
; Perform WYSIWYG Primitive Resynthesis                            ; Off                ; Off                ;
; Auto ROM Replacement                                             ; On                 ; On                 ;
; Auto RAM Replacement                                             ; On                 ; On                 ;
; Auto DSP Block Replacement                                       ; On                 ; On                 ;
; Auto Shift Register Replacement                                  ; Auto               ; Auto               ;
; Allow Shift Register Merging across Hierarchies                  ; Auto               ; Auto               ;
; Auto Clock Enable Replacement                                    ; On                 ; On                 ;
; Strict RAM Replacement                                           ; Off                ; Off                ;
; Allow Synchronous Control Signals                                ; On                 ; On                 ;
; Force Use of Synchronous Clear Signals                           ; Off                ; Off                ;
; Auto RAM Block Balancing                                         ; On                 ; On                 ;
; Auto RAM to Logic Cell Conversion                                ; Off                ; Off                ;
; Auto Resource Sharing                                            ; Off                ; Off                ;
; Allow Any RAM Size For Recognition                               ; Off                ; Off                ;
; Allow Any ROM Size For Recognition                               ; Off                ; Off                ;
; Allow Any Shift Register Size For Recognition                    ; Off                ; Off                ;
; Use LogicLock Constraints during Resource Balancing              ; On                 ; On                 ;
; Ignore translate_off and synthesis_off directives                ; Off                ; Off                ;
; Timing-Driven Synthesis                                          ; On                 ; On                 ;
; Report Parameter Settings                                        ; On                 ; On                 ;
; Report Source Assignments                                        ; On                 ; On                 ;
; Report Connectivity Checks                                       ; On                 ; On                 ;
; Ignore Maximum Fan-Out Assignments                               ; Off                ; Off                ;
; Synchronization Register Chain Length                            ; 2                  ; 2                  ;
; Power Optimization During Synthesis                              ; Normal compilation ; Normal compilation ;
; HDL message level                                                ; Level2             ; Level2             ;
; Suppress Register Optimization Related Messages                  ; Off                ; Off                ;
; Number of Removed Registers Reported in Synthesis Report         ; 5000               ; 5000               ;
; Number of Swept Nodes Reported in Synthesis Report               ; 5000               ; 5000               ;
; Number of Inverted Registers Reported in Synthesis Report        ; 100                ; 100                ;
; Clock MUX Protection                                             ; On                 ; On                 ;
; Auto Gated Clock Conversion                                      ; Off                ; Off                ;
; Block Design Naming                                              ; Auto               ; Auto               ;
; SDC constraint protection                                        ; Off                ; Off                ;
; Synthesis Effort                                                 ; Auto               ; Auto               ;
; Shift Register Replacement - Allow Asynchronous Clear Signal     ; On                 ; On                 ;
; Pre-Mapping Resynthesis Optimization                             ; Off                ; Off                ;
; Analysis & Synthesis Message Level                               ; Medium             ; Medium             ;
; Disable Register Merging Across Hierarchies                      ; Auto               ; Auto               ;
; Resource Aware Inference For Block RAM                           ; On                 ; On                 ;
+------------------------------------------------------------------+--------------------+--------------------+


+------------------------------------------+
; Parallel Compilation                     ;
+----------------------------+-------------+
; Processors                 ; Number      ;
+----------------------------+-------------+
; Number detected on machine ; 16          ;
; Maximum allowed            ; 16          ;
;                            ;             ;
; Average used               ; 1.00        ;
; Maximum used               ; 16          ;
;                            ;             ;
; Usage by Processor         ; % Time Used ;
;     Processor 1            ; 100.0%      ;
;     Processors 2-16        ;   0.0%      ;
+----------------------------+-------------+


+--------------------------------------------------------------------------------------------------------------------------------------------------------------------+
; Analysis & Synthesis Source Files Read                                                                                                                             ;
+----------------------------------+-----------------+------------------------------+----------------------------------------------------------------------+---------+
; File Name with User-Entered Path ; Used in Netlist ; File Type                    ; File Name with Absolute Path                                         ; Library ;
+----------------------------------+-----------------+------------------------------+----------------------------------------------------------------------+---------+
; fourbit_rp.sv                    ; yes             ; User SystemVerilog HDL File  ; C:/intelFPGA_lite/18.1/385_lab4_adders_provided_fa20/fourbit_rp.sv   ;         ;
; router.sv                        ; yes             ; User SystemVerilog HDL File  ; C:/intelFPGA_lite/18.1/385_lab4_adders_provided_fa20/router.sv       ;         ;
; ripple_adder.sv                  ; yes             ; User SystemVerilog HDL File  ; C:/intelFPGA_lite/18.1/385_lab4_adders_provided_fa20/ripple_adder.sv ;         ;
; reg_17.sv                        ; yes             ; User SystemVerilog HDL File  ; C:/intelFPGA_lite/18.1/385_lab4_adders_provided_fa20/reg_17.sv       ;         ;
; HexDriver.sv                     ; yes             ; User SystemVerilog HDL File  ; C:/intelFPGA_lite/18.1/385_lab4_adders_provided_fa20/HexDriver.sv    ;         ;
; control.sv                       ; yes             ; User SystemVerilog HDL File  ; C:/intelFPGA_lite/18.1/385_lab4_adders_provided_fa20/control.sv      ;         ;
; adder2.sv                        ; yes             ; User SystemVerilog HDL File  ; C:/intelFPGA_lite/18.1/385_lab4_adders_provided_fa20/adder2.sv       ;         ;
; full_adder.sv                    ; yes             ; User SystemVerilog HDL File  ; C:/intelFPGA_lite/18.1/385_lab4_adders_provided_fa20/full_adder.sv   ;         ;
+----------------------------------+-----------------+------------------------------+----------------------------------------------------------------------+---------+


+---------------------------------------------------------+
; Analysis & Synthesis Resource Usage Summary             ;
+---------------------------------------------+-----------+
; Resource                                    ; Usage     ;
+---------------------------------------------+-----------+
; Estimated Total logic elements              ; 52        ;
;                                             ;           ;
; Total combinational functions               ; 52        ;
; Logic element usage by number of LUT inputs ;           ;
;     -- 4 input functions                    ; 40        ;
;     -- 3 input functions                    ; 5         ;
;     -- <=2 input functions                  ; 7         ;
;                                             ;           ;
; Logic elements by mode                      ;           ;
;     -- normal mode                          ; 52        ;
;     -- arithmetic mode                      ; 0         ;
;                                             ;           ;
; Total registers                             ; 15        ;
;     -- Dedicated logic registers            ; 15        ;
;     -- I/O registers                        ; 0         ;
;                                             ;           ;
; I/O pins                                    ; 65        ;
;                                             ;           ;
; Embedded Multiplier 9-bit elements          ; 0         ;
;                                             ;           ;
; Maximum fan-out node                        ; Clk~input ;
; Maximum fan-out                             ; 15        ;
; Total fan-out                               ; 348       ;
; Average fan-out                             ; 1.77      ;
+---------------------------------------------+-----------+


+-------------------------------------------------------------------------------------------------------------------------------------------------------------------------------------------------------------------------------------------------------------------------+
; Analysis & Synthesis Resource Utilization by Entity                                                                                                                                                                                                                     ;
+----------------------------+---------------------+---------------------------+-------------+------------+--------------+---------+-----------+------+--------------+------------+---------------------------------------------------------+--------------+--------------+
; Compilation Hierarchy Node ; Combinational ALUTs ; Dedicated Logic Registers ; Memory Bits ; UFM Blocks ; DSP Elements ; DSP 9x9 ; DSP 18x18 ; Pins ; Virtual Pins ; ADC blocks ; Full Hierarchy Name                                     ; Entity Name  ; Library Name ;
+----------------------------+---------------------+---------------------------+-------------+------------+--------------+---------+-----------+------+--------------+------------+---------------------------------------------------------+--------------+--------------+
; |adder2                    ; 52 (0)              ; 15 (0)                    ; 0           ; 0          ; 0            ; 0       ; 0         ; 65   ; 0            ; 0          ; |adder2                                                 ; adder2       ; work         ;
;    |HexDriver:AHex0|       ; 7 (7)               ; 0 (0)                     ; 0           ; 0          ; 0            ; 0       ; 0         ; 0    ; 0            ; 0          ; |adder2|HexDriver:AHex0                                 ; HexDriver    ; work         ;
;    |HexDriver:AHex1|       ; 7 (7)               ; 0 (0)                     ; 0           ; 0          ; 0            ; 0       ; 0         ; 0    ; 0            ; 0          ; |adder2|HexDriver:AHex1                                 ; HexDriver    ; work         ;
;    |HexDriver:BHex0|       ; 7 (7)               ; 0 (0)                     ; 0           ; 0          ; 0            ; 0       ; 0         ; 0    ; 0            ; 0          ; |adder2|HexDriver:BHex0                                 ; HexDriver    ; work         ;
;    |HexDriver:BHex1|       ; 7 (7)               ; 0 (0)                     ; 0           ; 0          ; 0            ; 0       ; 0         ; 0    ; 0            ; 0          ; |adder2|HexDriver:BHex1                                 ; HexDriver    ; work         ;
;    |HexDriver:BHex2|       ; 7 (7)               ; 0 (0)                     ; 0           ; 0          ; 0            ; 0       ; 0         ; 0    ; 0            ; 0          ; |adder2|HexDriver:BHex2                                 ; HexDriver    ; work         ;
;    |control:run_once|      ; 3 (3)               ; 3 (3)                     ; 0           ; 0          ; 0            ; 0       ; 0         ; 0    ; 0            ; 0          ; |adder2|control:run_once                                ; control      ; work         ;
;    |reg_17:reg_unit|       ; 0 (0)               ; 12 (12)                   ; 0           ; 0          ; 0            ; 0       ; 0         ; 0    ; 0            ; 0          ; |adder2|reg_17:reg_unit                                 ; reg_17       ; work         ;
;    |ripple_adder:adder|    ; 14 (0)              ; 0 (0)                     ; 0           ; 0          ; 0            ; 0       ; 0         ; 0    ; 0            ; 0          ; |adder2|ripple_adder:adder                              ; ripple_adder ; work         ;
;       |fourbit_rp:rp1|     ; 5 (0)               ; 0 (0)                     ; 0           ; 0          ; 0            ; 0       ; 0         ; 0    ; 0            ; 0          ; |adder2|ripple_adder:adder|fourbit_rp:rp1               ; fourbit_rp   ; work         ;
;          |full_adder:f1|   ; 1 (1)               ; 0 (0)                     ; 0           ; 0          ; 0            ; 0       ; 0         ; 0    ; 0            ; 0          ; |adder2|ripple_adder:adder|fourbit_rp:rp1|full_adder:f1 ; full_adder   ; work         ;
;          |full_adder:f2|   ; 1 (1)               ; 0 (0)                     ; 0           ; 0          ; 0            ; 0       ; 0         ; 0    ; 0            ; 0          ; |adder2|ripple_adder:adder|fourbit_rp:rp1|full_adder:f2 ; full_adder   ; work         ;
;          |full_adder:f3|   ; 2 (2)               ; 0 (0)                     ; 0           ; 0          ; 0            ; 0       ; 0         ; 0    ; 0            ; 0          ; |adder2|ripple_adder:adder|fourbit_rp:rp1|full_adder:f3 ; full_adder   ; work         ;
;          |full_adder:f4|   ; 1 (1)               ; 0 (0)                     ; 0           ; 0          ; 0            ; 0       ; 0         ; 0    ; 0            ; 0          ; |adder2|ripple_adder:adder|fourbit_rp:rp1|full_adder:f4 ; full_adder   ; work         ;
;       |fourbit_rp:rp2|     ; 5 (0)               ; 0 (0)                     ; 0           ; 0          ; 0            ; 0       ; 0         ; 0    ; 0            ; 0          ; |adder2|ripple_adder:adder|fourbit_rp:rp2               ; fourbit_rp   ; work         ;
;          |full_adder:f1|   ; 1 (1)               ; 0 (0)                     ; 0           ; 0          ; 0            ; 0       ; 0         ; 0    ; 0            ; 0          ; |adder2|ripple_adder:adder|fourbit_rp:rp2|full_adder:f1 ; full_adder   ; work         ;
;          |full_adder:f2|   ; 1 (1)               ; 0 (0)                     ; 0           ; 0          ; 0            ; 0       ; 0         ; 0    ; 0            ; 0          ; |adder2|ripple_adder:adder|fourbit_rp:rp2|full_adder:f2 ; full_adder   ; work         ;
;          |full_adder:f3|   ; 2 (2)               ; 0 (0)                     ; 0           ; 0          ; 0            ; 0       ; 0         ; 0    ; 0            ; 0          ; |adder2|ripple_adder:adder|fourbit_rp:rp2|full_adder:f3 ; full_adder   ; work         ;
;          |full_adder:f4|   ; 1 (1)               ; 0 (0)                     ; 0           ; 0          ; 0            ; 0       ; 0         ; 0    ; 0            ; 0          ; |adder2|ripple_adder:adder|fourbit_rp:rp2|full_adder:f4 ; full_adder   ; work         ;
;       |fourbit_rp:rp3|     ; 4 (0)               ; 0 (0)                     ; 0           ; 0          ; 0            ; 0       ; 0         ; 0    ; 0            ; 0          ; |adder2|ripple_adder:adder|fourbit_rp:rp3               ; fourbit_rp   ; work         ;
;          |full_adder:f1|   ; 1 (1)               ; 0 (0)                     ; 0           ; 0          ; 0            ; 0       ; 0         ; 0    ; 0            ; 0          ; |adder2|ripple_adder:adder|fourbit_rp:rp3|full_adder:f1 ; full_adder   ; work         ;
;          |full_adder:f2|   ; 1 (1)               ; 0 (0)                     ; 0           ; 0          ; 0            ; 0       ; 0         ; 0    ; 0            ; 0          ; |adder2|ripple_adder:adder|fourbit_rp:rp3|full_adder:f2 ; full_adder   ; work         ;
;          |full_adder:f3|   ; 1 (1)               ; 0 (0)                     ; 0           ; 0          ; 0            ; 0       ; 0         ; 0    ; 0            ; 0          ; |adder2|ripple_adder:adder|fourbit_rp:rp3|full_adder:f3 ; full_adder   ; work         ;
;          |full_adder:f4|   ; 1 (1)               ; 0 (0)                     ; 0           ; 0          ; 0            ; 0       ; 0         ; 0    ; 0            ; 0          ; |adder2|ripple_adder:adder|fourbit_rp:rp3|full_adder:f4 ; full_adder   ; work         ;
+----------------------------+---------------------+---------------------------+-------------+------------+--------------+---------+-----------+------+--------------+------------+---------------------------------------------------------+--------------+--------------+
Note: For table entries with two numbers listed, the numbers in parentheses indicate the number of resources of the given type used by the specific entity alone. The numbers listed outside of parentheses indicate the total resources of the given type used by the specific entity and all of its sub-entities in the hierarchy.


Encoding Type:  One-Hot
+-----------------------------------------------------------+
; State Machine - |adder2|control:run_once|curr_state       ;
+--------------+--------------+--------------+--------------+
; Name         ; curr_state.A ; curr_state.C ; curr_state.B ;
+--------------+--------------+--------------+--------------+
; curr_state.A ; 0            ; 0            ; 0            ;
; curr_state.B ; 1            ; 0            ; 1            ;
; curr_state.C ; 1            ; 1            ; 0            ;
+--------------+--------------+--------------+--------------+


+--------------------------------------------------------------------------------+
; Registers Removed During Synthesis                                             ;
+---------------------------------------+----------------------------------------+
; Register name                         ; Reason for Removal                     ;
+---------------------------------------+----------------------------------------+
; reg_17:reg_unit|Data_Out[12..16]      ; Stuck at GND due to stuck port data_in ;
; control:run_once|curr_state~6         ; Lost fanout                            ;
; Total Number of Removed Registers = 6 ;                                        ;
+---------------------------------------+----------------------------------------+


+------------------------------------------------------+
; General Register Statistics                          ;
+----------------------------------------------+-------+
; Statistic                                    ; Value ;
+----------------------------------------------+-------+
; Total registers                              ; 15    ;
; Number of registers using Synchronous Clear  ; 0     ;
; Number of registers using Synchronous Load   ; 0     ;
; Number of registers using Asynchronous Clear ; 15    ;
; Number of registers using Asynchronous Load  ; 0     ;
; Number of registers using Clock Enable       ; 12    ;
; Number of registers using Preset             ; 0     ;
+----------------------------------------------+-------+


+----------------------------------------------------------------------------------------------------------------+
; Port Connectivity Checks: "ripple_adder:adder|fourbit_rp:rp3"                                                  ;
+------+--------+----------+-------------------------------------------------------------------------------------+
; Port ; Type   ; Severity ; Details                                                                             ;
+------+--------+----------+-------------------------------------------------------------------------------------+
; cout ; Output ; Info     ; Connected to dangling logic. Logic that only feeds a dangling port will be removed. ;
+------+--------+----------+-------------------------------------------------------------------------------------+


+----------------------------------------------------------------------------------------------------------------+
; Port Connectivity Checks: "ripple_adder:adder|fourbit_rp:rp2"                                                  ;
+------+--------+----------+-------------------------------------------------------------------------------------+
; Port ; Type   ; Severity ; Details                                                                             ;
+------+--------+----------+-------------------------------------------------------------------------------------+
; cout ; Output ; Info     ; Connected to dangling logic. Logic that only feeds a dangling port will be removed. ;
+------+--------+----------+-------------------------------------------------------------------------------------+


+----------------------------------------------------------------------------------------------------------------+
; Port Connectivity Checks: "ripple_adder:adder|fourbit_rp:rp1|full_adder:f1"                                    ;
+------+--------+----------+-------------------------------------------------------------------------------------+
; Port ; Type   ; Severity ; Details                                                                             ;
+------+--------+----------+-------------------------------------------------------------------------------------+
; C    ; Output ; Info     ; Connected to dangling logic. Logic that only feeds a dangling port will be removed. ;
+------+--------+----------+-------------------------------------------------------------------------------------+


+----------------------------------------------------------------------------------------------------------------+
; Port Connectivity Checks: "ripple_adder:adder|fourbit_rp:rp1"                                                  ;
+------+--------+----------+-------------------------------------------------------------------------------------+
; Port ; Type   ; Severity ; Details                                                                             ;
+------+--------+----------+-------------------------------------------------------------------------------------+
; cout ; Output ; Info     ; Connected to dangling logic. Logic that only feeds a dangling port will be removed. ;
+------+--------+----------+-------------------------------------------------------------------------------------+


+------------------------------------------------+
; Port Connectivity Checks: "ripple_adder:adder" ;
+------+-------+----------+----------------------+
; Port ; Type  ; Severity ; Details              ;
+------+-------+----------+----------------------+
; cin  ; Input ; Info     ; Stuck at GND         ;
+------+-------+----------+----------------------+


+------------------------------------------------+
; Port Connectivity Checks: "router:route"       ;
+--------------+-------+----------+--------------+
; Port         ; Type  ; Severity ; Details      ;
+--------------+-------+----------+--------------+
; A_In[15..10] ; Input ; Info     ; Stuck at GND ;
+--------------+-------+----------+--------------+


+-----------------------------------------------------+
; Post-Synthesis Netlist Statistics for Top Partition ;
+-----------------------+-----------------------------+
; Type                  ; Count                       ;
+-----------------------+-----------------------------+
; boundary_port         ; 65                          ;
; cycloneiii_ff         ; 15                          ;
;     CLR               ; 3                           ;
;     ENA CLR           ; 12                          ;
; cycloneiii_lcell_comb ; 59                          ;
;     normal            ; 59                          ;
;         0 data inputs ; 2                           ;
;         1 data inputs ; 5                           ;
;         2 data inputs ; 7                           ;
;         3 data inputs ; 5                           ;
;         4 data inputs ; 40                          ;
;                       ;                             ;
; Max LUT depth         ; 2.00                        ;
; Average LUT depth     ; 1.34                        ;
+-----------------------+-----------------------------+


+-------------------------------+
; Elapsed Time Per Partition    ;
+----------------+--------------+
; Partition Name ; Elapsed Time ;
+----------------+--------------+
; Top            ; 00:00:01     ;
+----------------+--------------+


+-------------------------------+
; Analysis & Synthesis Messages ;
+-------------------------------+
Info: *******************************************************************
Info: Running Quartus Prime Analysis & Synthesis
    Info: Version 18.1.0 Build 625 09/12/2018 SJ Lite Edition
    Info: Processing started: Wed Sep 15 02:50:58 2021
Info: Command: quartus_map --read_settings_files=on --write_settings_files=off lab4 -c lab4
Warning (18236): Number of processors has not been specified which may cause overloading on shared machines.  Set the global assignment NUM_PARALLEL_PROCESSORS in your QSF to an appropriate value for best performance.
Info (20030): Parallel compilation is enabled and will use 16 of the 16 processors detected
Info (12021): Found 1 design units, including 1 entities, in source file two_to_one_mux.sv
    Info (12023): Found entity 1: two_to_one_mux File: C:/intelFPGA_lite/18.1/385_lab4_adders_provided_fa20/two_to_one_mux.sv Line: 1
Info (12021): Found 1 design units, including 1 entities, in source file fourbit_rp.sv
    Info (12023): Found entity 1: fourbit_rp File: C:/intelFPGA_lite/18.1/385_lab4_adders_provided_fa20/fourbit_rp.sv Line: 1
Info (12021): Found 1 design units, including 1 entities, in source file testbench.sv
    Info (12023): Found entity 1: testbench File: C:/intelFPGA_lite/18.1/385_lab4_adders_provided_fa20/testbench.sv Line: 1
Info (12021): Found 1 design units, including 1 entities, in source file fourbit_la.sv
    Info (12023): Found entity 1: fourbit_la File: C:/intelFPGA_lite/18.1/385_lab4_adders_provided_fa20/fourbit_la.sv Line: 1
Info (12021): Found 1 design units, including 1 entities, in source file full_adder_la.sv
    Info (12023): Found entity 1: full_adder_la File: C:/intelFPGA_lite/18.1/385_lab4_adders_provided_fa20/full_adder_la.sv Line: 1
Info (12021): Found 1 design units, including 1 entities, in source file select_adder.sv
    Info (12023): Found entity 1: select_adder File: C:/intelFPGA_lite/18.1/385_lab4_adders_provided_fa20/select_adder.sv Line: 1
Info (12021): Found 1 design units, including 1 entities, in source file router.sv
    Info (12023): Found entity 1: router File: C:/intelFPGA_lite/18.1/385_lab4_adders_provided_fa20/router.sv Line: 1
Info (12021): Found 1 design units, including 1 entities, in source file ripple_adder.sv
    Info (12023): Found entity 1: ripple_adder File: C:/intelFPGA_lite/18.1/385_lab4_adders_provided_fa20/ripple_adder.sv Line: 1
Info (12021): Found 1 design units, including 1 entities, in source file reg_17.sv
    Info (12023): Found entity 1: reg_17 File: C:/intelFPGA_lite/18.1/385_lab4_adders_provided_fa20/reg_17.sv Line: 1
Info (12021): Found 1 design units, including 1 entities, in source file lookahead_adder.sv
    Info (12023): Found entity 1: lookahead_adder File: C:/intelFPGA_lite/18.1/385_lab4_adders_provided_fa20/lookahead_adder.sv Line: 1
Info (12021): Found 1 design units, including 1 entities, in source file hexdriver.sv
    Info (12023): Found entity 1: HexDriver File: C:/intelFPGA_lite/18.1/385_lab4_adders_provided_fa20/HexDriver.sv Line: 1
Info (12021): Found 1 design units, including 1 entities, in source file control.sv
    Info (12023): Found entity 1: control File: C:/intelFPGA_lite/18.1/385_lab4_adders_provided_fa20/control.sv Line: 1
Info (12021): Found 1 design units, including 1 entities, in source file adder2.sv
    Info (12023): Found entity 1: adder2 File: C:/intelFPGA_lite/18.1/385_lab4_adders_provided_fa20/adder2.sv Line: 1
Info (12021): Found 1 design units, including 1 entities, in source file full_adder.sv
    Info (12023): Found entity 1: full_adder File: C:/intelFPGA_lite/18.1/385_lab4_adders_provided_fa20/full_adder.sv Line: 1
Info (12021): Found 1 design units, including 1 entities, in source file fourbit_s.sv
    Info (12023): Found entity 1: fourbit_s File: C:/intelFPGA_lite/18.1/385_lab4_adders_provided_fa20/fourbit_s.sv Line: 1
Warning (10236): Verilog HDL Implicit Net warning at fourbit_rp.sv(11): created implicit net for "co" File: C:/intelFPGA_lite/18.1/385_lab4_adders_provided_fa20/fourbit_rp.sv Line: 11
Warning (10236): Verilog HDL Implicit Net warning at select_adder.sv(18): created implicit net for "CO" File: C:/intelFPGA_lite/18.1/385_lab4_adders_provided_fa20/select_adder.sv Line: 18
Warning (10236): Verilog HDL Implicit Net warning at ripple_adder.sv(18): created implicit net for "C0" File: C:/intelFPGA_lite/18.1/385_lab4_adders_provided_fa20/ripple_adder.sv Line: 18
Warning (10236): Verilog HDL Implicit Net warning at ripple_adder.sv(19): created implicit net for "C1" File: C:/intelFPGA_lite/18.1/385_lab4_adders_provided_fa20/ripple_adder.sv Line: 19
Warning (10236): Verilog HDL Implicit Net warning at ripple_adder.sv(20): created implicit net for "C2" File: C:/intelFPGA_lite/18.1/385_lab4_adders_provided_fa20/ripple_adder.sv Line: 20
Info (12127): Elaborating entity "adder2" for the top level hierarchy
Info (12128): Elaborating entity "control" for hierarchy "control:run_once" File: C:/intelFPGA_lite/18.1/385_lab4_adders_provided_fa20/adder2.sv Line: 30
Info (12128): Elaborating entity "router" for hierarchy "router:route" File: C:/intelFPGA_lite/18.1/385_lab4_adders_provided_fa20/adder2.sv Line: 33
Info (12128): Elaborating entity "reg_17" for hierarchy "reg_17:reg_unit" File: C:/intelFPGA_lite/18.1/385_lab4_adders_provided_fa20/adder2.sv Line: 36
Info (12128): Elaborating entity "ripple_adder" for hierarchy "ripple_adder:adder" File: C:/intelFPGA_lite/18.1/385_lab4_adders_provided_fa20/adder2.sv Line: 40
Info (12128): Elaborating entity "fourbit_rp" for hierarchy "ripple_adder:adder|fourbit_rp:rp1" File: C:/intelFPGA_lite/18.1/385_lab4_adders_provided_fa20/ripple_adder.sv Line: 18
Info (12128): Elaborating entity "full_adder" for hierarchy "ripple_adder:adder|fourbit_rp:rp1|full_adder:f1" File: C:/intelFPGA_lite/18.1/385_lab4_adders_provided_fa20/fourbit_rp.sv Line: 10
Info (12128): Elaborating entity "HexDriver" for hierarchy "HexDriver:AHex0" File: C:/intelFPGA_lite/18.1/385_lab4_adders_provided_fa20/adder2.sv Line: 50
Warning (13024): Output pins are stuck at VCC or GND
    Warning (13410): Pin "LED[2]" is stuck at GND File: C:/intelFPGA_lite/18.1/385_lab4_adders_provided_fa20/adder2.sv Line: 3
    Warning (13410): Pin "LED[3]" is stuck at GND File: C:/intelFPGA_lite/18.1/385_lab4_adders_provided_fa20/adder2.sv Line: 3
    Warning (13410): Pin "LED[4]" is stuck at GND File: C:/intelFPGA_lite/18.1/385_lab4_adders_provided_fa20/adder2.sv Line: 3
    Warning (13410): Pin "LED[5]" is stuck at GND File: C:/intelFPGA_lite/18.1/385_lab4_adders_provided_fa20/adder2.sv Line: 3
    Warning (13410): Pin "LED[6]" is stuck at GND File: C:/intelFPGA_lite/18.1/385_lab4_adders_provided_fa20/adder2.sv Line: 3
    Warning (13410): Pin "LED[7]" is stuck at GND File: C:/intelFPGA_lite/18.1/385_lab4_adders_provided_fa20/adder2.sv Line: 3
    Warning (13410): Pin "LED[8]" is stuck at GND File: C:/intelFPGA_lite/18.1/385_lab4_adders_provided_fa20/adder2.sv Line: 3
    Warning (13410): Pin "LED[9]" is stuck at GND File: C:/intelFPGA_lite/18.1/385_lab4_adders_provided_fa20/adder2.sv Line: 3
    Warning (13410): Pin "HEX5[0]" is stuck at GND File: C:/intelFPGA_lite/18.1/385_lab4_adders_provided_fa20/adder2.sv Line: 10
    Warning (13410): Pin "HEX5[1]" is stuck at GND File: C:/intelFPGA_lite/18.1/385_lab4_adders_provided_fa20/adder2.sv Line: 10
    Warning (13410): Pin "HEX5[2]" is stuck at GND File: C:/intelFPGA_lite/18.1/385_lab4_adders_provided_fa20/adder2.sv Line: 10
    Warning (13410): Pin "HEX5[3]" is stuck at GND File: C:/intelFPGA_lite/18.1/385_lab4_adders_provided_fa20/adder2.sv Line: 10
    Warning (13410): Pin "HEX5[4]" is stuck at GND File: C:/intelFPGA_lite/18.1/385_lab4_adders_provided_fa20/adder2.sv Line: 10
    Warning (13410): Pin "HEX5[5]" is stuck at GND File: C:/intelFPGA_lite/18.1/385_lab4_adders_provided_fa20/adder2.sv Line: 10
    Warning (13410): Pin "HEX5[6]" is stuck at VCC File: C:/intelFPGA_lite/18.1/385_lab4_adders_provided_fa20/adder2.sv Line: 10
Info (286030): Timing-Driven Synthesis is running
Info (17049): 1 registers lost all their fanouts during netlist optimizations.
Info (144001): Generated suppressed messages file C:/intelFPGA_lite/18.1/385_lab4_adders_provided_fa20/output_files/lab4.map.smsg
Info (16010): Generating hard_block partition "hard_block:auto_generated_inst"
    Info (16011): Adding 0 node(s), including 0 DDIO, 0 PLL, 0 transceiver and 0 LCELL
Info (21057): Implemented 117 device resources after synthesis - the final resource count might be different
    Info (21058): Implemented 13 input pins
    Info (21059): Implemented 52 output pins
    Info (21061): Implemented 52 logic cells
Info: Quartus Prime Analysis & Synthesis was successful. 0 errors, 22 warnings
    Info: Peak virtual memory: 4831 megabytes
    Info: Processing ended: Wed Sep 15 02:51:25 2021
    Info: Elapsed time: 00:00:27
    Info: Total CPU time (on all processors): 00:01:01


+------------------------------------------+
; Analysis & Synthesis Suppressed Messages ;
+------------------------------------------+
The suppressed messages can be found in C:/intelFPGA_lite/18.1/385_lab4_adders_provided_fa20/output_files/lab4.map.smsg.


